<?xml version="1.0" encoding="UTF-8"?>
<!-- Generated by org.testng.reporters.JUnitReportReporter -->
<testsuite hostname="PASULA-PC" failures="0" tests="1" name="TestCases.FourthTest" time="54.299" errors="0" timestamp="17 Mar 2021 04:41:12 GMT" skipped="0">
  <testcase classname="TestCases.FourthTest" name="Test" time="54.299"/>
</testsuite> <!-- TestCases.FourthTest -->
