<?xml version="1.0" encoding="UTF-8"?>
<!-- Generated by org.testng.reporters.JUnitReportReporter -->
<testsuite hostname="PASULA-PC" failures="0" tests="1" name="TestCases.FirstTest" time="11.661" errors="0" timestamp="17 Mar 2021 04:41:12 GMT" skipped="0">
  <testcase classname="TestCases.FirstTest" name="test" time="11.661"/>
</testsuite> <!-- TestCases.FirstTest -->
