<?xml version="1.0" encoding="UTF-8"?>
<!-- Generated by org.testng.reporters.JUnitReportReporter -->
<testsuite hostname="PASULA-PC" failures="0" tests="1" name="TestCases.ThirdTest" time="18.732" errors="0" timestamp="17 Mar 2021 04:41:12 GMT" skipped="0">
  <testcase classname="TestCases.ThirdTest" name="Test" time="18.732"/>
</testsuite> <!-- TestCases.ThirdTest -->
