<?xml version="1.0" encoding="UTF-8"?>
<!-- Generated by org.testng.reporters.JUnitReportReporter -->
<testsuite hostname="PASULA-PC" failures="0" tests="1" name="TestCases.SecondTest" time="12.477" errors="0" timestamp="17 Mar 2021 04:41:12 GMT" skipped="0">
  <testcase classname="TestCases.SecondTest" name="test" time="12.477"/>
</testsuite> <!-- TestCases.SecondTest -->
